<?xml version="1.0" encoding="UTF-8"?>
<testsuite name="ejercicios456.Ejercicio6" tests="1" skipped="0" failures="0" errors="0" timestamp="2021-03-11T13:02:15" hostname="LAPTOP-RDP1UL0U" time="13.176">
  <properties/>
  <testcase name="verify_one_todoly" classname="ejercicios456.Ejercicio6" time="13.176"/>
  <system-out><![CDATA[]]></system-out>
  <system-err><![CDATA[Starting ChromeDriver 88.0.4324.96 (68dba2d8a0b149a1d3afac56fa74648032bcf46b-refs/branch-heads/4324@{#1784}) on port 6176
Only local connections are allowed.
Please see https://chromedriver.chromium.org/security-considerations for suggestions on keeping ChromeDriver safe.
ChromeDriver was started successfully.
[1615467738.141][WARNING]: This version of ChromeDriver has not been tested with Chrome version 89.
Mar 11, 2021 9:02:18 AM org.openqa.selenium.remote.ProtocolHandshake createSession
INFO: Detected dialect: W3C
]]></system-err>
</testsuite>
